  [1m[35mSQL (0.3ms)[0m  [1m[35mSET search_path TO public /*application='Messenger'*/[0m
  [1m[35m (1143.8ms)[0m  [1m[35mCREATE DATABASE "messenger_development" ENCODING = 'unicode' /*application='Messenger'*/[0m
  [1m[35mSQL (0.0ms)[0m  [1m[35mSET search_path TO public /*application='Messenger'*/[0m
  [1m[35m (221.2ms)[0m  [1m[35mCREATE DATABASE "messenger_test" ENCODING = 'unicode' /*application='Messenger'*/[0m
Started GET "/" for 127.0.0.1 at 2024-11-26 18:10:01 +0200
  [1m[35m (138.3ms)[0m  [1m[35mCREATE TABLE "schema_migrations" ("version" character varying NOT NULL PRIMARY KEY) /*application='Messenger'*/[0m
  [1m[35m (105.9ms)[0m  [1m[35mCREATE TABLE "ar_internal_metadata" ("key" character varying NOT NULL PRIMARY KEY, "value" character varying, "created_at" timestamp(6) NOT NULL, "updated_at" timestamp(6) NOT NULL) /*application='Messenger'*/[0m
  [1m[36mActiveRecord::SchemaMigration Load (0.5ms)[0m  [1m[34mSELECT "schema_migrations"."version" FROM "schema_migrations" ORDER BY "schema_migrations"."version" ASC /*application='Messenger'*/[0m
Processing by Rails::WelcomeController#index as HTML
  Rendering /home/dickyv/.rbenv/versions/3.3.5/lib/ruby/gems/3.3.0/gems/railties-8.0.0/lib/rails/templates/rails/welcome/index.html.erb
  Rendered /home/dickyv/.rbenv/versions/3.3.5/lib/ruby/gems/3.3.0/gems/railties-8.0.0/lib/rails/templates/rails/welcome/index.html.erb (Duration: 1.9ms | GC: 0.5ms)
Completed 200 OK in 85ms (Views: 16.9ms | ActiveRecord: 0.0ms (0 queries, 0 cached) | GC: 1.3ms)


  [1m[36mActiveRecord::SchemaMigration Load (0.4ms)[0m  [1m[34mSELECT "schema_migrations"."version" FROM "schema_migrations" ORDER BY "schema_migrations"."version" ASC /*application='Messenger'*/[0m
Started GET "/" for 127.0.0.1 at 2024-11-26 18:13:15 +0200
  [1m[36mActiveRecord::SchemaMigration Load (0.4ms)[0m  [1m[34mSELECT "schema_migrations"."version" FROM "schema_migrations" ORDER BY "schema_migrations"."version" ASC /*application='Messenger'*/[0m
Processing by HomepageController#index as HTML
  Rendering layout layouts/application.html.erb
  Rendering homepage/index.html.erb within layouts/application
  Rendered homepage/index.html.erb within layouts/application (Duration: 0.3ms | GC: 0.0ms)
  Rendered layout layouts/application.html.erb (Duration: 7.6ms | GC: 0.4ms)
Completed 200 OK in 162ms (Views: 9.7ms | ActiveRecord: 0.0ms (0 queries, 0 cached) | GC: 17.9ms)


Started GET "/assets/application-8b441ae0.css" for 127.0.0.1 at 2024-11-26 18:13:15 +0200
Started GET "/assets/application-0405dba2.js" for 127.0.0.1 at 2024-11-26 18:13:15 +0200
  [1m[36mActiveRecord::SchemaMigration Load (0.8ms)[0m  [1m[34mSELECT "schema_migrations"."version" FROM "schema_migrations" ORDER BY "schema_migrations"."version" ASC /*application='Messenger'*/[0m
Started GET "/" for 127.0.0.1 at 2024-11-26 18:54:37 +0200
  [1m[36mActiveRecord::SchemaMigration Load (0.4ms)[0m  [1m[34mSELECT "schema_migrations"."version" FROM "schema_migrations" ORDER BY "schema_migrations"."version" ASC /*application='Messenger'*/[0m
Processing by HomepageController#index as HTML
  Rendering layout layouts/application.html.erb
  Rendering homepage/index.html.erb within layouts/application
  Rendered homepage/index.html.erb within layouts/application (Duration: 0.2ms | GC: 0.0ms)
  Rendered layout layouts/application.html.erb (Duration: 15.0ms | GC: 0.8ms)
Completed 200 OK in 42ms (Views: 17.1ms | ActiveRecord: 0.0ms (0 queries, 0 cached) | GC: 11.9ms)


Started GET "/assets/application-efe60647.js" for 127.0.0.1 at 2024-11-26 18:54:37 +0200
Started GET "/" for 127.0.0.1 at 2024-11-26 18:54:39 +0200
Processing by HomepageController#index as HTML
  Rendering layout layouts/application.html.erb
  Rendering homepage/index.html.erb within layouts/application
  Rendered homepage/index.html.erb within layouts/application (Duration: 0.1ms | GC: 0.0ms)
  Rendered layout layouts/application.html.erb (Duration: 0.8ms | GC: 0.0ms)
Completed 200 OK in 5ms (Views: 1.0ms | ActiveRecord: 0.0ms (0 queries, 0 cached) | GC: 0.0ms)


Started GET "/" for 127.0.0.1 at 2024-11-26 18:54:41 +0200
Processing by HomepageController#index as HTML
  Rendering layout layouts/application.html.erb
  Rendering homepage/index.html.erb within layouts/application
  Rendered homepage/index.html.erb within layouts/application (Duration: 0.1ms | GC: 0.0ms)
  Rendered layout layouts/application.html.erb (Duration: 0.8ms | GC: 0.0ms)
Completed 200 OK in 5ms (Views: 1.0ms | ActiveRecord: 0.0ms (0 queries, 0 cached) | GC: 0.0ms)


Started GET "/assets/application-9ab07249.js.map" for 127.0.0.1 at 2024-11-26 18:54:49 +0200
Started GET "/" for 127.0.0.1 at 2024-11-26 18:55:07 +0200
Processing by HomepageController#index as HTML
  Rendering layout layouts/application.html.erb
  Rendering homepage/index.html.erb within layouts/application
  Rendered homepage/index.html.erb within layouts/application (Duration: 0.1ms | GC: 0.0ms)
  Rendered layout layouts/application.html.erb (Duration: 16.4ms | GC: 10.6ms)
Completed 200 OK in 23ms (Views: 16.7ms | ActiveRecord: 0.0ms (0 queries, 0 cached) | GC: 10.6ms)


Started GET "/assets/application-065372ab.js" for 127.0.0.1 at 2024-11-26 18:55:07 +0200
